/web/web/v1/page/item/65aff921a0cc2/web/red/v1/service/modalLogout/web/red/v1/paper/22/web/red/v1/service/modalLoginter/web/red/v1/service/modalUserAction/web/red/v1/service/flash/web/red/v1/service/info/web/web/v1/page/item/65aff921a0cc2
/web/red/v1/service/modalLogin
/web/red/v1/service/menuSvisle
/web/red/v1/service/modalRegister

/web/red/v1/paper/22
/web/red/v1/service/flash
/web/red/v1/service/info
/web/web/v1/page/item/65aff921b3678
/web/red/v1/service/modalLogin
/web/red/v1/service/modalLogout
/web/red/v1/service/menuSvisle
r

/web/red/v1/service/info
/web/red/v1/paper/37
/web/web/v1/page/item/65aff921b3678
/web/red/v1/service/modalLogin
/web/red/v1/service/modalLogout
/web/red/v1/service/modalRegister

/web/red/v1/paper/37
/web/red/v1/service/flash
/web/red/v1/service/info
/web/red/v1/service/modalUserAction
/web/red/v1/service/menuSvisle
/web/red/v1/paper/37
dalLogin
/web/red/v1/service/modalRegister
/web/red/v1/service/modalLogout
/web/red/v1/service/flash
/web/red/v1/service/info
/web/red/v1/paper/_files/najdisi/files/4158925.png
/web/red/v1/paper/_files/najdisi/files/1153903.png
/web/red/v1/paper/_files/najdisi/files/1954941.jpg
